<?xml version="1.0" encoding="UTF-8"?>
<!-- Generated by org.testng.reporters.JUnitReportReporter -->
<testsuite hostname="bcedbeeced305436552cefcbeadabbbbafetwo-0" failures="0" tests="1" name="runner.Testcase2" time="17.838" errors="0" timestamp="2023-09-29T09:00:54 UTC" skipped="0">
  <testcase classname="runner.Testcase2" name="TC_002" time="17.838"/>
</testsuite> <!-- runner.Testcase2 -->
