<?xml version="1.0" encoding="UTF-8"?>
<!-- Generated by org.testng.reporters.JUnitReportReporter -->
<testsuite hostname="bcedbeeced305436552cefcbeadabbbbafetwo-0" failures="0" tests="1" name="runner.Testcase3" time="12.019" errors="0" timestamp="2023-09-29T09:06:34 UTC" skipped="0">
  <testcase classname="runner.Testcase3" name="TC_003" time="12.019"/>
</testsuite> <!-- runner.Testcase3 -->
