<?xml version="1.0" encoding="UTF-8"?>
<!-- Generated by org.testng.reporters.JUnitReportReporter -->
<testsuite hostname="bcedbeeced305436552cefcbeadabbbbafetwo-0" failures="0" tests="1" name="runner.Testcase1" time="10.539" errors="0" timestamp="2023-09-29T09:33:51 UTC" skipped="0">
  <testcase classname="runner.Testcase1" name="TC_001" time="10.539"/>
</testsuite> <!-- runner.Testcase1 -->
